[+] Containers:
 |- [+] Container: /Game/SumoCourseLevel
 |   |- [+] ActorDescs:
 |   |   |- Guid:063DCB574BF37E35CC032EB5FF095669 BaseClass: NativeClass:/Script/Engine.StaticMeshActor Name:StaticMeshActor_UAID_2CF05D8D5BC89D3002_1326575842 Label:Cube3 SpatiallyLoaded:1 Bounds:IsValid=true, Min=(X=-150.000 Y=-1100.000 Z=150.000), Max=(X=350.000 Y=-900.000 Z=350.000) RuntimeGrid:None EditorOnly:0 RuntimeOnly:0 HLODRelevant:1 ListedInSceneOutliner:1 IsMainWorldOnly:0
 |   |   |- Guid:0E1EFB1747633703AAB399BCC975020E BaseClass:/Game/BP_BallController.BP_BallController_C NativeClass:/Script/Engine.Actor Name:BP_BallController_C_UAID_2CF05D8D5BC8923002_1685631880 Label:BP_BallController SpatiallyLoaded:1 Bounds:IsValid=true, Min=(X=621.829 Y=-128.171 Z=200.000), Max=(X=878.171 Y=128.171 Z=400.000) RuntimeGrid:None EditorOnly:0 RuntimeOnly:0 HLODRelevant:0 ListedInSceneOutliner:1 IsMainWorldOnly:0 FolderPath:Players FolderGuid:51C5103C48D330EF67CE8FA6097E2D87
 |   |   |- Guid:36A9B2934DC7D8FD7C4B54BC0C091302 BaseClass: NativeClass:/Script/Engine.StaticMeshActor Name:StaticMeshActor_UAID_2CF05D8D5BC89D3002_1298443841 Label:Cube2 SpatiallyLoaded:1 Bounds:IsValid=true, Min=(X=-1000.000 Y=-250.000 Z=150.000), Max=(X=-800.000 Y=250.000 Z=350.000) RuntimeGrid:None EditorOnly:0 RuntimeOnly:0 HLODRelevant:1 ListedInSceneOutliner:1 IsMainWorldOnly:0
 |   |   |- Guid:44D3681C403A0E51D4A9D0923ED20A43 BaseClass: NativeClass:/Script/Engine.StaticMeshActor Name:StaticMeshActor_UAID_2CF05D8D5BC89D3002_1375294843 Label:Cube4 SpatiallyLoaded:1 Bounds:IsValid=true, Min=(X=-150.000 Y=850.000 Z=150.000), Max=(X=350.000 Y=1050.000 Z=350.000) RuntimeGrid:None EditorOnly:0 RuntimeOnly:0 HLODRelevant:1 ListedInSceneOutliner:1 IsMainWorldOnly:0
 |   |   |- Guid:5D0471394D03FFCC6153648DF6D45900 BaseClass: NativeClass:/Script/Engine.VolumetricCloud Name:VolumetricCloud_UAID_2CF05D8D5BC89C3002_1171362661 Label:VolumetricCloud SpatiallyLoaded:0 Bounds:IsValid=true, Min=(X=0.000 Y=0.000 Z=0.000), Max=(X=0.000 Y=0.000 Z=0.000) RuntimeGrid:None EditorOnly:0 RuntimeOnly:0 HLODRelevant:0 ListedInSceneOutliner:1 IsMainWorldOnly:0 FolderPath:Lighting FolderGuid:963EC3EB4002CCE9759E2EBA541A873A
 |   |   |- Guid:86C5F0CC4C522A4C3EC893873EA7A16D BaseClass: NativeClass:/Script/Engine.CameraActor Name:CameraActor_UAID_2CF05D8D5BC8943002_1209229236 Label:CameraActor SpatiallyLoaded:1 Bounds:IsValid=true, Min=(X=0.000 Y=0.000 Z=3849.000), Max=(X=0.000 Y=0.000 Z=3849.000) RuntimeGrid:None EditorOnly:0 RuntimeOnly:0 HLODRelevant:0 ListedInSceneOutliner:1 IsMainWorldOnly:0 FolderPath:Players FolderGuid:51C5103C48D330EF67CE8FA6097E2D87
 |   |   |- Guid:8A3F7EFD4C450A7E4D1219BC809D0AEA BaseClass: NativeClass:/Script/Engine.StaticMeshActor Name:StaticMeshActor_UAID_2CF05D8D5BC89D3002_1169318840 Label:Cube SpatiallyLoaded:1 Bounds:IsValid=true, Min=(X=1000.000 Y=-250.000 Z=150.000), Max=(X=1200.000 Y=250.000 Z=350.000) RuntimeGrid:None EditorOnly:0 RuntimeOnly:0 HLODRelevant:1 ListedInSceneOutliner:1 IsMainWorldOnly:0
 |   |   |- Guid:B28453E1461D3E7F52FBD8B3DC33E736 BaseClass:/Game/BP_XboxBallController.BP_XboxBallController_C NativeClass:/Script/Engine.Actor Name:BP_XboxBallController_C_UAID_2CF05D8D5BC8983002_1685465948 Label:BP_XboxBallController SpatiallyLoaded:1 Bounds:IsValid=true, Min=(X=-900.000 Y=-100.000 Z=200.000), Max=(X=-700.000 Y=100.000 Z=400.000) RuntimeGrid:None EditorOnly:0 RuntimeOnly:0 HLODRelevant:0 ListedInSceneOutliner:1 IsMainWorldOnly:0 FolderPath:Players FolderGuid:51C5103C48D330EF67CE8FA6097E2D87
 |   |   |- Guid:B3F161804F8F80322B3E25A4E1B8A8AC BaseClass: NativeClass:/Script/Engine.WorldDataLayers Name:WorldDataLayers Label:WorldDataLayers SpatiallyLoaded:0 Bounds:Invalid RuntimeGrid:None EditorOnly:0 RuntimeOnly:0 HLODRelevant:0 ListedInSceneOutliner:1 IsMainWorldOnly:1
 |   |   |- Guid:C148C1AD4504188DD410FE9202635652 BaseClass: NativeClass:/Script/Engine.StaticMeshActor Name:StaticMeshActor_1 Label:Cylinder SpatiallyLoaded:1 Bounds:IsValid=true, Min=(X=-1149.999 Y=-1249.999 Z=-50.000), Max=(X=1350.000 Y=1250.000 Z=150.000) RuntimeGrid:None EditorOnly:0 RuntimeOnly:0 HLODRelevant:1 ListedInSceneOutliner:1 IsMainWorldOnly:0
 |   |   |- Guid:C783FBBD4B38AAE6D6BA55A8DB02092E BaseClass:/Game/InputControl.InputControl_C NativeClass:/Script/Engine.Actor Name:InputControl_C_UAID_2CF05D8D5BC8963002_2118746590 Label:InputControl SpatiallyLoaded:1 Bounds:IsValid=true, Min=(X=0.000 Y=-220.000 Z=20.000), Max=(X=0.000 Y=270.000 Z=72.000) RuntimeGrid:None EditorOnly:0 RuntimeOnly:0 HLODRelevant:0 ListedInSceneOutliner:1 IsMainWorldOnly:0 FolderPath:Players FolderGuid:51C5103C48D330EF67CE8FA6097E2D87
 |   |   |- Guid:D19A6E1A4C05FBCB291FE1AA2C68597B BaseClass: NativeClass:/Script/Engine.SkyAtmosphere Name:SkyAtmosphere_UAID_2CF05D8D5BC89B3002_2137731484 Label:SkyAtmosphere SpatiallyLoaded:0 Bounds:IsValid=true, Min=(X=65.000 Y=1545.000 Z=-4000000.000), Max=(X=65.000 Y=1545.000 Z=-4000000.000) RuntimeGrid:None EditorOnly:0 RuntimeOnly:0 HLODRelevant:0 ListedInSceneOutliner:1 IsMainWorldOnly:0 FolderPath:Lighting FolderGuid:963EC3EB4002CCE9759E2EBA541A873A
 |   |   |- Guid:ED8A888F458BD4576B7F068F5FFB5896 BaseClass: NativeClass:/Script/Engine.DirectionalLight Name:DirectionalLight_0 Label:DirectionalLight SpatiallyLoaded:0 Bounds:Invalid RuntimeGrid:None EditorOnly:0 RuntimeOnly:0 HLODRelevant:0 ListedInSceneOutliner:1 IsMainWorldOnly:0 FolderPath:Lighting FolderGuid:963EC3EB4002CCE9759E2EBA541A873A
 |   |- [+] Clusters:
 |   |   |- [+] [  0]
 |   |   |   |- Guid:063DCB574BF37E35CC032EB5FF095669 BaseClass: NativeClass:/Script/Engine.StaticMeshActor Name:StaticMeshActor_UAID_2CF05D8D5BC89D3002_1326575842 Label:Cube3 SpatiallyLoaded:1 Bounds:IsValid=true, Min=(X=-150.000 Y=-1100.000 Z=150.000), Max=(X=350.000 Y=-900.000 Z=350.000) RuntimeGrid:None EditorOnly:0 RuntimeOnly:0 HLODRelevant:1 ListedInSceneOutliner:1 IsMainWorldOnly:0
 |   |   |- [+] [  1]
 |   |   |   |- Guid:0E1EFB1747633703AAB399BCC975020E BaseClass:/Game/BP_BallController.BP_BallController_C NativeClass:/Script/Engine.Actor Name:BP_BallController_C_UAID_2CF05D8D5BC8923002_1685631880 Label:BP_BallController SpatiallyLoaded:1 Bounds:IsValid=true, Min=(X=621.829 Y=-128.171 Z=200.000), Max=(X=878.171 Y=128.171 Z=400.000) RuntimeGrid:None EditorOnly:0 RuntimeOnly:0 HLODRelevant:0 ListedInSceneOutliner:1 IsMainWorldOnly:0 FolderPath:Players FolderGuid:51C5103C48D330EF67CE8FA6097E2D87
 |   |   |- [+] [  2]
 |   |   |   |- Guid:36A9B2934DC7D8FD7C4B54BC0C091302 BaseClass: NativeClass:/Script/Engine.StaticMeshActor Name:StaticMeshActor_UAID_2CF05D8D5BC89D3002_1298443841 Label:Cube2 SpatiallyLoaded:1 Bounds:IsValid=true, Min=(X=-1000.000 Y=-250.000 Z=150.000), Max=(X=-800.000 Y=250.000 Z=350.000) RuntimeGrid:None EditorOnly:0 RuntimeOnly:0 HLODRelevant:1 ListedInSceneOutliner:1 IsMainWorldOnly:0
 |   |   |- [+] [  3]
 |   |   |   |- Guid:44D3681C403A0E51D4A9D0923ED20A43 BaseClass: NativeClass:/Script/Engine.StaticMeshActor Name:StaticMeshActor_UAID_2CF05D8D5BC89D3002_1375294843 Label:Cube4 SpatiallyLoaded:1 Bounds:IsValid=true, Min=(X=-150.000 Y=850.000 Z=150.000), Max=(X=350.000 Y=1050.000 Z=350.000) RuntimeGrid:None EditorOnly:0 RuntimeOnly:0 HLODRelevant:1 ListedInSceneOutliner:1 IsMainWorldOnly:0
 |   |   |- [+] [  4]
 |   |   |   |- Guid:5D0471394D03FFCC6153648DF6D45900 BaseClass: NativeClass:/Script/Engine.VolumetricCloud Name:VolumetricCloud_UAID_2CF05D8D5BC89C3002_1171362661 Label:VolumetricCloud SpatiallyLoaded:0 Bounds:IsValid=true, Min=(X=0.000 Y=0.000 Z=0.000), Max=(X=0.000 Y=0.000 Z=0.000) RuntimeGrid:None EditorOnly:0 RuntimeOnly:0 HLODRelevant:0 ListedInSceneOutliner:1 IsMainWorldOnly:0 FolderPath:Lighting FolderGuid:963EC3EB4002CCE9759E2EBA541A873A
 |   |   |- [+] [  5]
 |   |   |   |- Guid:86C5F0CC4C522A4C3EC893873EA7A16D BaseClass: NativeClass:/Script/Engine.CameraActor Name:CameraActor_UAID_2CF05D8D5BC8943002_1209229236 Label:CameraActor SpatiallyLoaded:1 Bounds:IsValid=true, Min=(X=0.000 Y=0.000 Z=3849.000), Max=(X=0.000 Y=0.000 Z=3849.000) RuntimeGrid:None EditorOnly:0 RuntimeOnly:0 HLODRelevant:0 ListedInSceneOutliner:1 IsMainWorldOnly:0 FolderPath:Players FolderGuid:51C5103C48D330EF67CE8FA6097E2D87
 |   |   |- [+] [  6]
 |   |   |   |- Guid:8A3F7EFD4C450A7E4D1219BC809D0AEA BaseClass: NativeClass:/Script/Engine.StaticMeshActor Name:StaticMeshActor_UAID_2CF05D8D5BC89D3002_1169318840 Label:Cube SpatiallyLoaded:1 Bounds:IsValid=true, Min=(X=1000.000 Y=-250.000 Z=150.000), Max=(X=1200.000 Y=250.000 Z=350.000) RuntimeGrid:None EditorOnly:0 RuntimeOnly:0 HLODRelevant:1 ListedInSceneOutliner:1 IsMainWorldOnly:0
 |   |   |- [+] [  7]
 |   |   |   |- Guid:B28453E1461D3E7F52FBD8B3DC33E736 BaseClass:/Game/BP_XboxBallController.BP_XboxBallController_C NativeClass:/Script/Engine.Actor Name:BP_XboxBallController_C_UAID_2CF05D8D5BC8983002_1685465948 Label:BP_XboxBallController SpatiallyLoaded:1 Bounds:IsValid=true, Min=(X=-900.000 Y=-100.000 Z=200.000), Max=(X=-700.000 Y=100.000 Z=400.000) RuntimeGrid:None EditorOnly:0 RuntimeOnly:0 HLODRelevant:0 ListedInSceneOutliner:1 IsMainWorldOnly:0 FolderPath:Players FolderGuid:51C5103C48D330EF67CE8FA6097E2D87
 |   |   |- [+] [  8]
 |   |   |   |- Guid:B3F161804F8F80322B3E25A4E1B8A8AC BaseClass: NativeClass:/Script/Engine.WorldDataLayers Name:WorldDataLayers Label:WorldDataLayers SpatiallyLoaded:0 Bounds:Invalid RuntimeGrid:None EditorOnly:0 RuntimeOnly:0 HLODRelevant:0 ListedInSceneOutliner:1 IsMainWorldOnly:1
 |   |   |- [+] [  9]
 |   |   |   |- Guid:C148C1AD4504188DD410FE9202635652 BaseClass: NativeClass:/Script/Engine.StaticMeshActor Name:StaticMeshActor_1 Label:Cylinder SpatiallyLoaded:1 Bounds:IsValid=true, Min=(X=-1149.999 Y=-1249.999 Z=-50.000), Max=(X=1350.000 Y=1250.000 Z=150.000) RuntimeGrid:None EditorOnly:0 RuntimeOnly:0 HLODRelevant:1 ListedInSceneOutliner:1 IsMainWorldOnly:0
 |   |   |- [+] [ 10]
 |   |   |   |- Guid:C783FBBD4B38AAE6D6BA55A8DB02092E BaseClass:/Game/InputControl.InputControl_C NativeClass:/Script/Engine.Actor Name:InputControl_C_UAID_2CF05D8D5BC8963002_2118746590 Label:InputControl SpatiallyLoaded:1 Bounds:IsValid=true, Min=(X=0.000 Y=-220.000 Z=20.000), Max=(X=0.000 Y=270.000 Z=72.000) RuntimeGrid:None EditorOnly:0 RuntimeOnly:0 HLODRelevant:0 ListedInSceneOutliner:1 IsMainWorldOnly:0 FolderPath:Players FolderGuid:51C5103C48D330EF67CE8FA6097E2D87
 |   |   |- [+] [ 11]
 |   |   |   |- Guid:D19A6E1A4C05FBCB291FE1AA2C68597B BaseClass: NativeClass:/Script/Engine.SkyAtmosphere Name:SkyAtmosphere_UAID_2CF05D8D5BC89B3002_2137731484 Label:SkyAtmosphere SpatiallyLoaded:0 Bounds:IsValid=true, Min=(X=65.000 Y=1545.000 Z=-4000000.000), Max=(X=65.000 Y=1545.000 Z=-4000000.000) RuntimeGrid:None EditorOnly:0 RuntimeOnly:0 HLODRelevant:0 ListedInSceneOutliner:1 IsMainWorldOnly:0 FolderPath:Lighting FolderGuid:963EC3EB4002CCE9759E2EBA541A873A
 |   |   |- [+] [ 12]
 |   |   |   |- Guid:ED8A888F458BD4576B7F068F5FFB5896 BaseClass: NativeClass:/Script/Engine.DirectionalLight Name:DirectionalLight_0 Label:DirectionalLight SpatiallyLoaded:0 Bounds:Invalid RuntimeGrid:None EditorOnly:0 RuntimeOnly:0 HLODRelevant:0 ListedInSceneOutliner:1 IsMainWorldOnly:0 FolderPath:Lighting FolderGuid:963EC3EB4002CCE9759E2EBA541A873A
 |- ContainerInstances:
 |- [+] MainContainer:
 |   |-        ID: 00000000000000000000000000000000
 |   |-  ParentID: 00000000000000000000000000000000
 |   |-    Bounds: IsValid=false, Min=(X=0.000 Y=0.000 Z=0.000), Max=(X=0.000 Y=0.000 Z=0.000)
 |   |- Transform: 0.000000,0.000000,0.000000|0.000000,0.000000,-0.000000|1.000000,1.000000,1.000000
 |   |- Container: /Game/SumoCourseLevel
----------------------------------------------------------------------------------------------------------------
SumoCourseLevel - Persistent Level
----------------------------------------------------------------------------------------------------------------
[+] Content of SumoCourseLevel Persistent Level
 |- Always loaded Actor Count: 13 
 |- Actor Path: /Game/SumoCourseLevel.SumoCourseLevel:PersistentLevel.BP_BallController_C_UAID_2CF05D8D5BC8923002_1685631880
 |- Actor Package: /Game/__ExternalActors__/SumoCourseLevel/7/2V/K5HWQF4U4S6GR4FWMVWLTX
 |- Actor Path: /Game/SumoCourseLevel.SumoCourseLevel:PersistentLevel.BP_XboxBallController_C_UAID_2CF05D8D5BC8983002_1685465948
 |- Actor Package: /Game/__ExternalActors__/SumoCourseLevel/E/WI/Y2G1T0MQE24G1LMKD16I3V
 |- Actor Path: /Game/SumoCourseLevel.SumoCourseLevel:PersistentLevel.CameraActor_UAID_2CF05D8D5BC8943002_1209229236
 |- Actor Package: /Game/__ExternalActors__/SumoCourseLevel/E/UW/J3JO7VTV5RJEXV54IBAIP0
 |- Actor Path: /Game/SumoCourseLevel.SumoCourseLevel:PersistentLevel.DirectionalLight_0
 |- Actor Package: /Game/__ExternalActors__/SumoCourseLevel/C/NA/KJAYBGBVTK5DQ1DTNTJ6AN
 |- Actor Path: /Game/SumoCourseLevel.SumoCourseLevel:PersistentLevel.InputControl_C_UAID_2CF05D8D5BC8963002_2118746590
 |- Actor Package: /Game/__ExternalActors__/SumoCourseLevel/5/GD/6FPJUURD16T7W31I8B4LJ4
 |- Actor Path: /Game/SumoCourseLevel.SumoCourseLevel:PersistentLevel.SkyAtmosphere_UAID_2CF05D8D5BC89B3002_2137731484
 |- Actor Package: /Game/__ExternalActors__/SumoCourseLevel/7/CI/DJ5H6R68DCSA9CW0KXRCQC
 |- Actor Path: /Game/SumoCourseLevel.SumoCourseLevel:PersistentLevel.StaticMeshActor_1
 |- Actor Package: /Game/__ExternalActors__/SumoCourseLevel/3/WZ/VKDGI4NTB2U72AOCHNK6KO
 |- Actor Path: /Game/SumoCourseLevel.SumoCourseLevel:PersistentLevel.StaticMeshActor_UAID_2CF05D8D5BC89D3002_1169318840
 |- Actor Package: /Game/__ExternalActors__/SumoCourseLevel/E/98/1F5E2NCVX44OOUH940J0Y6
 |- Actor Path: /Game/SumoCourseLevel.SumoCourseLevel:PersistentLevel.StaticMeshActor_UAID_2CF05D8D5BC89D3002_1298443841
 |- Actor Package: /Game/__ExternalActors__/SumoCourseLevel/7/NH/2LHYWICGBUFSQU40I64C09
 |- Actor Path: /Game/SumoCourseLevel.SumoCourseLevel:PersistentLevel.StaticMeshActor_UAID_2CF05D8D5BC89D3002_1326575842
 |- Actor Package: /Game/__ExternalActors__/SumoCourseLevel/7/07/YM5JOTPGYMU64GJQGK7QM2
 |- Actor Path: /Game/SumoCourseLevel.SumoCourseLevel:PersistentLevel.StaticMeshActor_UAID_2CF05D8D5BC89D3002_1375294843
 |- Actor Package: /Game/__ExternalActors__/SumoCourseLevel/5/N8/8FK4J0K6IS3CNL61B7CSVL
 |- Actor Path: /Game/SumoCourseLevel.SumoCourseLevel:PersistentLevel.VolumetricCloud_UAID_2CF05D8D5BC89C3002_1171362661
 |- Actor Package: /Game/__ExternalActors__/SumoCourseLevel/A/IW/XGVS3J85UZ084WKFAD9EX9
 |- Actor Path: /Game/SumoCourseLevel.SumoCourseLevel:PersistentLevel.WorldDataLayers
 |- Actor Package: /Game/__ExternalActors__/SumoCourseLevel/F/1N/RKD6W6VZ2414FD708EM5JB

----------------------------------------------------------------------------------------------------------------
SumoCourseLevel - Runtime Hash Set
----------------------------------------------------------------------------------------------------------------

