[+] Containers:
 |- [+] Container: /Game/Levels/Minigames/SumoCourseLevel
 |   |- [+] ActorDescs:
 |   |   |- Guid:0D1AD24F417533BF3A19C696B13D0DE4 BaseClass:/Game/Blueprints/SumoTriggerHit.SumoTriggerHit_C NativeClass:/Script/Engine.Actor Name:CubeGoalHit_C_UAID_345A6001476E163402_1784335282 Label:SumoTriggerHit SpatiallyLoaded:1 Bounds:IsValid=true, Min=(X=-5000.000 Y=-5000.000 Z=-385.000), Max=(X=5000.000 Y=5000.000 Z=-285.000) RuntimeGrid:None EditorOnly:0 RuntimeOnly:0 HLODRelevant:0 ListedInSceneOutliner:1 IsMainWorldOnly:0
 |   |   |- Guid:0E1EFB1747633703AAB399BCC975020E BaseClass:/Game/Blueprints/BP_BallController.BP_BallController_C NativeClass:/Script/Engine.Actor Name:BP_BallController_C_UAID_2CF05D8D5BC8923002_1685631880 Label:BP_BallController SpatiallyLoaded:1 Bounds:IsValid=true, Min=(X=-900.000 Y=-150.000 Z=100.000), Max=(X=-600.000 Y=150.000 Z=400.000) RuntimeGrid:None EditorOnly:0 RuntimeOnly:0 HLODRelevant:0 ListedInSceneOutliner:1 IsMainWorldOnly:0 FolderPath:Players FolderGuid:51C5103C48D330EF67CE8FA6097E2D87
 |   |   |- Guid:101BB2E3418EAEE166D1F19E0946BDB3 BaseClass: NativeClass:/Script/Engine.StaticMeshActor Name:StaticMeshActor_UAID_2CF05D8D5BC89E3002_1601050024 Label:Ring4 SpatiallyLoaded:1 Bounds:IsValid=true, Min=(X=-850.000 Y=-850.000 Z=120.000), Max=(X=0.000 Y=850.000 Z=150.000) RuntimeGrid:None EditorOnly:0 RuntimeOnly:0 HLODRelevant:1 ListedInSceneOutliner:1 IsMainWorldOnly:0 FolderPath:Level FolderGuid:C0DE3E2D47FBFEEC2ADC8EB49D70F2BE
 |   |   |- Guid:5D0471394D03FFCC6153648DF6D45900 BaseClass: NativeClass:/Script/Engine.VolumetricCloud Name:VolumetricCloud_UAID_2CF05D8D5BC89C3002_1171362661 Label:VolumetricCloud SpatiallyLoaded:0 Bounds:IsValid=true, Min=(X=0.000 Y=0.000 Z=0.000), Max=(X=0.000 Y=0.000 Z=0.000) RuntimeGrid:None EditorOnly:0 RuntimeOnly:0 HLODRelevant:0 ListedInSceneOutliner:1 IsMainWorldOnly:0 FolderPath:Lighting FolderGuid:963EC3EB4002CCE9759E2EBA541A873A
 |   |   |- Guid:6E4741E44AD29B0EA39ECE8E594CFDEB BaseClass: NativeClass:/Script/Engine.StaticMeshActor Name:StaticMeshActor_UAID_2CF05D8D5BC89E3002_1601052025 Label:Ring5 SpatiallyLoaded:1 Bounds:IsValid=true, Min=(X=-0.000 Y=-850.000 Z=120.000), Max=(X=850.000 Y=850.000 Z=150.000) RuntimeGrid:None EditorOnly:0 RuntimeOnly:0 HLODRelevant:1 ListedInSceneOutliner:1 IsMainWorldOnly:0 FolderPath:Level FolderGuid:C0DE3E2D47FBFEEC2ADC8EB49D70F2BE
 |   |   |- Guid:86C5F0CC4C522A4C3EC893873EA7A16D BaseClass: NativeClass:/Script/Engine.CameraActor Name:CameraActor_UAID_2CF05D8D5BC8943002_1209229236 Label:CameraActor SpatiallyLoaded:1 Bounds:IsValid=true, Min=(X=0.000 Y=0.000 Z=3849.000), Max=(X=0.000 Y=0.000 Z=3849.000) RuntimeGrid:None EditorOnly:0 RuntimeOnly:0 HLODRelevant:0 ListedInSceneOutliner:1 IsMainWorldOnly:0 FolderPath:Players FolderGuid:51C5103C48D330EF67CE8FA6097E2D87
 |   |   |- Guid:B28453E1461D3E7F52FBD8B3DC33E736 BaseClass:/Game/Blueprints/BP_XboxBallController.BP_XboxBallController_C NativeClass:/Script/Engine.Actor Name:BP_XboxBallController_C_UAID_2CF05D8D5BC8983002_1685465948 Label:BP_XboxBallController SpatiallyLoaded:1 Bounds:IsValid=true, Min=(X=600.000 Y=-150.000 Z=100.000), Max=(X=900.000 Y=150.000 Z=400.000) RuntimeGrid:None EditorOnly:0 RuntimeOnly:0 HLODRelevant:0 ListedInSceneOutliner:1 IsMainWorldOnly:0 FolderPath:Players FolderGuid:51C5103C48D330EF67CE8FA6097E2D87
 |   |   |- Guid:B3F161804F8F80322B3E25A4E1B8A8AC BaseClass: NativeClass:/Script/Engine.WorldDataLayers Name:WorldDataLayers Label:WorldDataLayers SpatiallyLoaded:0 Bounds:Invalid RuntimeGrid:None EditorOnly:0 RuntimeOnly:0 HLODRelevant:0 ListedInSceneOutliner:1 IsMainWorldOnly:1
 |   |   |- Guid:C783FBBD4B38AAE6D6BA55A8DB02092E BaseClass:/Game/InputControl.InputControl_C NativeClass:/Script/Engine.Actor Name:InputControl_C_UAID_2CF05D8D5BC8963002_2118746590 Label:InputControl SpatiallyLoaded:1 Bounds:IsValid=true, Min=(X=0.000 Y=-220.000 Z=20.000), Max=(X=0.000 Y=270.000 Z=72.000) RuntimeGrid:None EditorOnly:0 RuntimeOnly:0 HLODRelevant:0 ListedInSceneOutliner:1 IsMainWorldOnly:0 FolderPath:Players FolderGuid:51C5103C48D330EF67CE8FA6097E2D87
 |   |   |- Guid:D19A6E1A4C05FBCB291FE1AA2C68597B BaseClass: NativeClass:/Script/Engine.SkyAtmosphere Name:SkyAtmosphere_UAID_2CF05D8D5BC89B3002_2137731484 Label:SkyAtmosphere SpatiallyLoaded:0 Bounds:IsValid=true, Min=(X=65.000 Y=1545.000 Z=-4000000.000), Max=(X=65.000 Y=1545.000 Z=-4000000.000) RuntimeGrid:None EditorOnly:0 RuntimeOnly:0 HLODRelevant:0 ListedInSceneOutliner:1 IsMainWorldOnly:0 FolderPath:Lighting FolderGuid:963EC3EB4002CCE9759E2EBA541A873A
 |   |   |- Guid:E80B8B064D76EA7D29FB39BDA649D0F5 BaseClass: NativeClass:/Script/Engine.StaticMeshActor Name:StaticMeshActor_UAID_2CF05D8D5BC89D3002_2093671846 Label:Ring3 SpatiallyLoaded:1 Bounds:IsValid=true, Min=(X=-0.000 Y=-1500.000 Z=-700.000), Max=(X=1500.000 Y=1500.000 Z=200.000) RuntimeGrid:None EditorOnly:0 RuntimeOnly:0 HLODRelevant:1 ListedInSceneOutliner:1 IsMainWorldOnly:0 FolderPath:Level FolderGuid:C0DE3E2D47FBFEEC2ADC8EB49D70F2BE
 |   |   |- Guid:EC511401403B75CF171D5F8242020087 BaseClass: NativeClass:/Script/Engine.StaticMeshActor Name:StaticMeshActor_UAID_2CF05D8D5BC89D3002_1869213845 Label:Ring2 SpatiallyLoaded:1 Bounds:IsValid=true, Min=(X=-1500.000 Y=-1500.000 Z=-700.000), Max=(X=0.000 Y=1500.000 Z=200.000) RuntimeGrid:None EditorOnly:0 RuntimeOnly:0 HLODRelevant:1 ListedInSceneOutliner:1 IsMainWorldOnly:0 FolderPath:Level FolderGuid:C0DE3E2D47FBFEEC2ADC8EB49D70F2BE
 |   |   |- Guid:ED8A888F458BD4576B7F068F5FFB5896 BaseClass: NativeClass:/Script/Engine.DirectionalLight Name:DirectionalLight_0 Label:DirectionalLight SpatiallyLoaded:0 Bounds:Invalid RuntimeGrid:None EditorOnly:0 RuntimeOnly:0 HLODRelevant:0 ListedInSceneOutliner:1 IsMainWorldOnly:0 FolderPath:Lighting FolderGuid:963EC3EB4002CCE9759E2EBA541A873A
 |   |- [+] Clusters:
 |   |   |- [+] [  0]
 |   |   |   |- Guid:0D1AD24F417533BF3A19C696B13D0DE4 BaseClass:/Game/Blueprints/SumoTriggerHit.SumoTriggerHit_C NativeClass:/Script/Engine.Actor Name:CubeGoalHit_C_UAID_345A6001476E163402_1784335282 Label:SumoTriggerHit SpatiallyLoaded:1 Bounds:IsValid=true, Min=(X=-5000.000 Y=-5000.000 Z=-385.000), Max=(X=5000.000 Y=5000.000 Z=-285.000) RuntimeGrid:None EditorOnly:0 RuntimeOnly:0 HLODRelevant:0 ListedInSceneOutliner:1 IsMainWorldOnly:0
 |   |   |- [+] [  1]
 |   |   |   |- Guid:0E1EFB1747633703AAB399BCC975020E BaseClass:/Game/Blueprints/BP_BallController.BP_BallController_C NativeClass:/Script/Engine.Actor Name:BP_BallController_C_UAID_2CF05D8D5BC8923002_1685631880 Label:BP_BallController SpatiallyLoaded:1 Bounds:IsValid=true, Min=(X=-900.000 Y=-150.000 Z=100.000), Max=(X=-600.000 Y=150.000 Z=400.000) RuntimeGrid:None EditorOnly:0 RuntimeOnly:0 HLODRelevant:0 ListedInSceneOutliner:1 IsMainWorldOnly:0 FolderPath:Players FolderGuid:51C5103C48D330EF67CE8FA6097E2D87
 |   |   |- [+] [  2]
 |   |   |   |- Guid:101BB2E3418EAEE166D1F19E0946BDB3 BaseClass: NativeClass:/Script/Engine.StaticMeshActor Name:StaticMeshActor_UAID_2CF05D8D5BC89E3002_1601050024 Label:Ring4 SpatiallyLoaded:1 Bounds:IsValid=true, Min=(X=-850.000 Y=-850.000 Z=120.000), Max=(X=0.000 Y=850.000 Z=150.000) RuntimeGrid:None EditorOnly:0 RuntimeOnly:0 HLODRelevant:1 ListedInSceneOutliner:1 IsMainWorldOnly:0 FolderPath:Level FolderGuid:C0DE3E2D47FBFEEC2ADC8EB49D70F2BE
 |   |   |- [+] [  3]
 |   |   |   |- Guid:5D0471394D03FFCC6153648DF6D45900 BaseClass: NativeClass:/Script/Engine.VolumetricCloud Name:VolumetricCloud_UAID_2CF05D8D5BC89C3002_1171362661 Label:VolumetricCloud SpatiallyLoaded:0 Bounds:IsValid=true, Min=(X=0.000 Y=0.000 Z=0.000), Max=(X=0.000 Y=0.000 Z=0.000) RuntimeGrid:None EditorOnly:0 RuntimeOnly:0 HLODRelevant:0 ListedInSceneOutliner:1 IsMainWorldOnly:0 FolderPath:Lighting FolderGuid:963EC3EB4002CCE9759E2EBA541A873A
 |   |   |- [+] [  4]
 |   |   |   |- Guid:6E4741E44AD29B0EA39ECE8E594CFDEB BaseClass: NativeClass:/Script/Engine.StaticMeshActor Name:StaticMeshActor_UAID_2CF05D8D5BC89E3002_1601052025 Label:Ring5 SpatiallyLoaded:1 Bounds:IsValid=true, Min=(X=-0.000 Y=-850.000 Z=120.000), Max=(X=850.000 Y=850.000 Z=150.000) RuntimeGrid:None EditorOnly:0 RuntimeOnly:0 HLODRelevant:1 ListedInSceneOutliner:1 IsMainWorldOnly:0 FolderPath:Level FolderGuid:C0DE3E2D47FBFEEC2ADC8EB49D70F2BE
 |   |   |- [+] [  5]
 |   |   |   |- Guid:86C5F0CC4C522A4C3EC893873EA7A16D BaseClass: NativeClass:/Script/Engine.CameraActor Name:CameraActor_UAID_2CF05D8D5BC8943002_1209229236 Label:CameraActor SpatiallyLoaded:1 Bounds:IsValid=true, Min=(X=0.000 Y=0.000 Z=3849.000), Max=(X=0.000 Y=0.000 Z=3849.000) RuntimeGrid:None EditorOnly:0 RuntimeOnly:0 HLODRelevant:0 ListedInSceneOutliner:1 IsMainWorldOnly:0 FolderPath:Players FolderGuid:51C5103C48D330EF67CE8FA6097E2D87
 |   |   |- [+] [  6]
 |   |   |   |- Guid:B28453E1461D3E7F52FBD8B3DC33E736 BaseClass:/Game/Blueprints/BP_XboxBallController.BP_XboxBallController_C NativeClass:/Script/Engine.Actor Name:BP_XboxBallController_C_UAID_2CF05D8D5BC8983002_1685465948 Label:BP_XboxBallController SpatiallyLoaded:1 Bounds:IsValid=true, Min=(X=600.000 Y=-150.000 Z=100.000), Max=(X=900.000 Y=150.000 Z=400.000) RuntimeGrid:None EditorOnly:0 RuntimeOnly:0 HLODRelevant:0 ListedInSceneOutliner:1 IsMainWorldOnly:0 FolderPath:Players FolderGuid:51C5103C48D330EF67CE8FA6097E2D87
 |   |   |- [+] [  7]
 |   |   |   |- Guid:B3F161804F8F80322B3E25A4E1B8A8AC BaseClass: NativeClass:/Script/Engine.WorldDataLayers Name:WorldDataLayers Label:WorldDataLayers SpatiallyLoaded:0 Bounds:Invalid RuntimeGrid:None EditorOnly:0 RuntimeOnly:0 HLODRelevant:0 ListedInSceneOutliner:1 IsMainWorldOnly:1
 |   |   |- [+] [  8]
 |   |   |   |- Guid:C783FBBD4B38AAE6D6BA55A8DB02092E BaseClass:/Game/InputControl.InputControl_C NativeClass:/Script/Engine.Actor Name:InputControl_C_UAID_2CF05D8D5BC8963002_2118746590 Label:InputControl SpatiallyLoaded:1 Bounds:IsValid=true, Min=(X=0.000 Y=-220.000 Z=20.000), Max=(X=0.000 Y=270.000 Z=72.000) RuntimeGrid:None EditorOnly:0 RuntimeOnly:0 HLODRelevant:0 ListedInSceneOutliner:1 IsMainWorldOnly:0 FolderPath:Players FolderGuid:51C5103C48D330EF67CE8FA6097E2D87
 |   |   |- [+] [  9]
 |   |   |   |- Guid:D19A6E1A4C05FBCB291FE1AA2C68597B BaseClass: NativeClass:/Script/Engine.SkyAtmosphere Name:SkyAtmosphere_UAID_2CF05D8D5BC89B3002_2137731484 Label:SkyAtmosphere SpatiallyLoaded:0 Bounds:IsValid=true, Min=(X=65.000 Y=1545.000 Z=-4000000.000), Max=(X=65.000 Y=1545.000 Z=-4000000.000) RuntimeGrid:None EditorOnly:0 RuntimeOnly:0 HLODRelevant:0 ListedInSceneOutliner:1 IsMainWorldOnly:0 FolderPath:Lighting FolderGuid:963EC3EB4002CCE9759E2EBA541A873A
 |   |   |- [+] [ 10]
 |   |   |   |- Guid:E80B8B064D76EA7D29FB39BDA649D0F5 BaseClass: NativeClass:/Script/Engine.StaticMeshActor Name:StaticMeshActor_UAID_2CF05D8D5BC89D3002_2093671846 Label:Ring3 SpatiallyLoaded:1 Bounds:IsValid=true, Min=(X=-0.000 Y=-1500.000 Z=-700.000), Max=(X=1500.000 Y=1500.000 Z=200.000) RuntimeGrid:None EditorOnly:0 RuntimeOnly:0 HLODRelevant:1 ListedInSceneOutliner:1 IsMainWorldOnly:0 FolderPath:Level FolderGuid:C0DE3E2D47FBFEEC2ADC8EB49D70F2BE
 |   |   |- [+] [ 11]
 |   |   |   |- Guid:EC511401403B75CF171D5F8242020087 BaseClass: NativeClass:/Script/Engine.StaticMeshActor Name:StaticMeshActor_UAID_2CF05D8D5BC89D3002_1869213845 Label:Ring2 SpatiallyLoaded:1 Bounds:IsValid=true, Min=(X=-1500.000 Y=-1500.000 Z=-700.000), Max=(X=0.000 Y=1500.000 Z=200.000) RuntimeGrid:None EditorOnly:0 RuntimeOnly:0 HLODRelevant:1 ListedInSceneOutliner:1 IsMainWorldOnly:0 FolderPath:Level FolderGuid:C0DE3E2D47FBFEEC2ADC8EB49D70F2BE
 |   |   |- [+] [ 12]
 |   |   |   |- Guid:ED8A888F458BD4576B7F068F5FFB5896 BaseClass: NativeClass:/Script/Engine.DirectionalLight Name:DirectionalLight_0 Label:DirectionalLight SpatiallyLoaded:0 Bounds:Invalid RuntimeGrid:None EditorOnly:0 RuntimeOnly:0 HLODRelevant:0 ListedInSceneOutliner:1 IsMainWorldOnly:0 FolderPath:Lighting FolderGuid:963EC3EB4002CCE9759E2EBA541A873A
 |- ContainerInstances:
 |- [+] MainContainer:
 |   |-        ID: 00000000000000000000000000000000
 |   |-  ParentID: 00000000000000000000000000000000
 |   |-    Bounds: IsValid=false, Min=(X=0.000 Y=0.000 Z=0.000), Max=(X=0.000 Y=0.000 Z=0.000)
 |   |- Transform: 0.000000,0.000000,0.000000|0.000000,0.000000,-0.000000|1.000000,1.000000,1.000000
 |   |- Container: /Game/Levels/Minigames/SumoCourseLevel
----------------------------------------------------------------------------------------------------------------
SumoCourseLevel - Persistent Level
----------------------------------------------------------------------------------------------------------------
[+] Content of SumoCourseLevel Persistent Level
 |- Always loaded Actor Count: 13 
 |- Actor Path: /Game/Levels/Minigames/SumoCourseLevel.SumoCourseLevel:PersistentLevel.BP_BallController_C_UAID_2CF05D8D5BC8923002_1685631880
 |- Actor Package: /Game/__ExternalActors__/Levels/Minigames/SumoCourseLevel/A/OK/KTGDUXEQ0ZDW5PF1Y2L0U5
 |- Actor Path: /Game/Levels/Minigames/SumoCourseLevel.SumoCourseLevel:PersistentLevel.BP_XboxBallController_C_UAID_2CF05D8D5BC8983002_1685465948
 |- Actor Package: /Game/__ExternalActors__/Levels/Minigames/SumoCourseLevel/B/WE/ZNTPBM8PO1MKO63XTR9WG0
 |- Actor Path: /Game/Levels/Minigames/SumoCourseLevel.SumoCourseLevel:PersistentLevel.CameraActor_UAID_2CF05D8D5BC8943002_1209229236
 |- Actor Package: /Game/__ExternalActors__/Levels/Minigames/SumoCourseLevel/2/20/5US58CI1FWB2PSAQ01UBEJ
 |- Actor Path: /Game/Levels/Minigames/SumoCourseLevel.SumoCourseLevel:PersistentLevel.CubeGoalHit_C_UAID_345A6001476E163402_1784335282
 |- Actor Package: /Game/__ExternalActors__/Levels/Minigames/SumoCourseLevel/4/8E/KJEDGUEZBA87PEHW64JAYU
 |- Actor Path: /Game/Levels/Minigames/SumoCourseLevel.SumoCourseLevel:PersistentLevel.DirectionalLight_0
 |- Actor Package: /Game/__ExternalActors__/Levels/Minigames/SumoCourseLevel/7/BF/UFJGB56XWRFHEL3XT86KFD
 |- Actor Path: /Game/Levels/Minigames/SumoCourseLevel.SumoCourseLevel:PersistentLevel.InputControl_C_UAID_2CF05D8D5BC8963002_2118746590
 |- Actor Package: /Game/__ExternalActors__/Levels/Minigames/SumoCourseLevel/2/YW/BH7S6WP5AXFXVMYMT3WX0F
 |- Actor Path: /Game/Levels/Minigames/SumoCourseLevel.SumoCourseLevel:PersistentLevel.SkyAtmosphere_UAID_2CF05D8D5BC89B3002_2137731484
 |- Actor Package: /Game/__ExternalActors__/Levels/Minigames/SumoCourseLevel/B/XY/UUYC68IR7XS9MUH813RWMR
 |- Actor Path: /Game/Levels/Minigames/SumoCourseLevel.SumoCourseLevel:PersistentLevel.StaticMeshActor_UAID_2CF05D8D5BC89D3002_1869213845
 |- Actor Package: /Game/__ExternalActors__/Levels/Minigames/SumoCourseLevel/E/N7/HDAAMZIXNTEFC2QGYZZBDZ
 |- Actor Path: /Game/Levels/Minigames/SumoCourseLevel.SumoCourseLevel:PersistentLevel.StaticMeshActor_UAID_2CF05D8D5BC89D3002_2093671846
 |- Actor Package: /Game/__ExternalActors__/Levels/Minigames/SumoCourseLevel/C/5X/EGT42N04E31WMB2TH9SR5A
 |- Actor Path: /Game/Levels/Minigames/SumoCourseLevel.SumoCourseLevel:PersistentLevel.StaticMeshActor_UAID_2CF05D8D5BC89E3002_1601050024
 |- Actor Package: /Game/__ExternalActors__/Levels/Minigames/SumoCourseLevel/D/OF/DW0BUXWXWADETZ8EKFYPNG
 |- Actor Path: /Game/Levels/Minigames/SumoCourseLevel.SumoCourseLevel:PersistentLevel.StaticMeshActor_UAID_2CF05D8D5BC89E3002_1601052025
 |- Actor Package: /Game/__ExternalActors__/Levels/Minigames/SumoCourseLevel/5/48/HVP7XQ9E7E6ZJ5V3BZS9OJ
 |- Actor Path: /Game/Levels/Minigames/SumoCourseLevel.SumoCourseLevel:PersistentLevel.VolumetricCloud_UAID_2CF05D8D5BC89C3002_1171362661
 |- Actor Package: /Game/__ExternalActors__/Levels/Minigames/SumoCourseLevel/0/YT/YRU1DROC6BB5L18BT8ZK0Q
 |- Actor Path: /Game/Levels/Minigames/SumoCourseLevel.SumoCourseLevel:PersistentLevel.WorldDataLayers
 |- Actor Package: /Game/__ExternalActors__/Levels/Minigames/SumoCourseLevel/C/SD/RITKHDRQV0KFWRCB6FQ3N5

----------------------------------------------------------------------------------------------------------------
SumoCourseLevel - Runtime Hash Set
----------------------------------------------------------------------------------------------------------------

